<?xml version="1.0" encoding="UTF-8"?>
<!-- Generated by org.testng.reporters.JUnitXMLReporter -->
<testsuite ignored="0" hostname="LAPTOP-FQ7T3ESB" failures="0" tests="2" name="Default test" time="36.742" errors="0" timestamp="2021-10-20T20:20:28 IST">
  <testcase classname="Day_005_TestNG_DataProvider_Lab1.OrangeHRM_DataProvider_Lab1" name="Test1" time="18.603"/>
  <testcase classname="Day_005_TestNG_DataProvider_Lab1.OrangeHRM_DataProvider_Lab1" name="Test1" time="18.096"/>
</testsuite> <!-- Default test -->
